vendor/quran_library/android/build/intermediates/manifest_merge_blame_file/debug/processDebugManifest/manifest-merger-blame-debug-report.txt
1<?xml version="1.0" encoding="utf-8"?>
2<manifest xmlns:android="http://schemas.android.com/apk/res/android"
3    xmlns:tools="http://schemas.android.com/tools"
4    package="com.alheekmah.quranPackage" >
5
6    <uses-sdk android:minSdkVersion="24" />
7
8    <uses-permission android:name="android.permission.WAKE_LOCK" />
8-->src\main\AndroidManifest.xml:5:5-67
8-->src\main\AndroidManifest.xml:5:22-65
9    <uses-permission android:name="android.permission.FOREGROUND_SERVICE" />
9-->src\main\AndroidManifest.xml:6:5-76
9-->src\main\AndroidManifest.xml:6:22-74
10    <uses-permission android:name="android.permission.FOREGROUND_SERVICE_MEDIA_PLAYBACK" />
10-->src\main\AndroidManifest.xml:7:5-91
10-->src\main\AndroidManifest.xml:7:22-89
11
12    <application>
12-->src\main\AndroidManifest.xml:9:5-40:19
13        <activity
13-->src\main\AndroidManifest.xml:10:9-18:20
14            android:name="com.ryanheise.audioservice.AudioServiceActivity"
14-->src\main\AndroidManifest.xml:11:13-75
15            android:configChanges="orientation|keyboardHidden|keyboard|screenSize|smallestScreenSize|locale|layoutDirection|fontScale|screenLayout|density|uiMode"
15-->src\main\AndroidManifest.xml:15:13-163
16            android:exported="true"
16-->src\main\AndroidManifest.xml:12:13-36
17            android:hardwareAccelerated="true"
17-->src\main\AndroidManifest.xml:16:13-47
18            android:launchMode="singleTop"
18-->src\main\AndroidManifest.xml:13:13-43
19            android:taskAffinity=""
19-->src\main\AndroidManifest.xml:14:13-36
20            android:windowSoftInputMode="adjustResize" >
20-->src\main\AndroidManifest.xml:17:13-55
21        </activity>
22
23        <!-- ADD THIS for audioservice -->
24        <service
24-->src\main\AndroidManifest.xml:21:9-29:19
25            android:name="com.ryanheise.audioservice.AudioService"
25-->src\main\AndroidManifest.xml:22:13-67
26            android:exported="true"
26-->src\main\AndroidManifest.xml:24:13-36
27            android:foregroundServiceType="mediaPlayback"
27-->src\main\AndroidManifest.xml:23:13-58
28            tools:ignore="Instantiatable" >
28-->src\main\AndroidManifest.xml:25:13-42
29            <intent-filter>
29-->src\main\AndroidManifest.xml:26:13-28:29
30                <action android:name="android.media.browse.MediaBrowserService" />
30-->src\main\AndroidManifest.xml:27:17-83
30-->src\main\AndroidManifest.xml:27:25-80
31            </intent-filter>
32        </service>
33
34        <receiver
34-->src\main\AndroidManifest.xml:31:9-38:20
35            android:name="com.ryanheise.audioservice.MediaButtonReceiver"
35-->src\main\AndroidManifest.xml:32:13-74
36            android:exported="true"
36-->src\main\AndroidManifest.xml:33:13-36
37            tools:ignore="Instantiatable" >
37-->src\main\AndroidManifest.xml:34:13-42
38            <intent-filter>
38-->src\main\AndroidManifest.xml:35:13-37:29
39                <action android:name="android.intent.action.MEDIA_BUTTON" />
39-->src\main\AndroidManifest.xml:36:17-77
39-->src\main\AndroidManifest.xml:36:25-74
40            </intent-filter>
41        </receiver>
42        <!-- end audioservice -->
43    </application>
44
45</manifest>